----------------------------------------------------------------
Fri Jul 03 22:35:44 IST 2020:
Booting Derby version The Apache Software Foundation - Apache Derby - 10.8.2.2 - (1181258): instance a816c00e-0173-15a4-21b2-000010fc5228 
on database directory C:\Users\Sowjanya\Desktop\jenkins_test5\tessy\persist\ite\itedb  with class loader org.eclipse.osgi.internal.baseadaptor.DefaultClassLoader@63b9aa48 
Loaded from file:/C:/Program Files/Razorcat/TESSY_4.2/bin/plugins/org.apache.derby_10.8.2.2_v201605172130.jar
java.vendor=Oracle Corporation
java.runtime.version=1.8.0_171-b11
user.dir=C:\Users\Sowjanya\Desktop\jenkins_test5\tessy
derby.system.home=null
derby.stream.error.file=C:\Users\Sowjanya\Desktop\jenkins_test5\tessy\persist\ite\derby.log
Database Class Loader started - derby.database.classpath=''
----------------------------------------------------------------
Fri Jul 03 22:35:46 IST 2020:
Booting Derby version The Apache Software Foundation - Apache Derby - 10.8.2.2 - (1181258): instance 601a400f-0173-15a4-21b2-000010fc5228 
on database directory C:\Users\Sowjanya\Desktop\jenkins_test5\tessy\persist\ite\edb  with class loader org.eclipse.osgi.internal.baseadaptor.DefaultClassLoader@63b9aa48 
Loaded from file:/C:/Program Files/Razorcat/TESSY_4.2/bin/plugins/org.apache.derby_10.8.2.2_v201605172130.jar
java.vendor=Oracle Corporation
java.runtime.version=1.8.0_171-b11
user.dir=C:\Users\Sowjanya\Desktop\jenkins_test5\tessy
derby.system.home=null
derby.stream.error.file=C:\Users\Sowjanya\Desktop\jenkins_test5\tessy\log\derby.log
Database Class Loader started - derby.database.classpath=''
----------------------------------------------------------------
Fri Jul 03 22:35:48 IST 2020:
Booting Derby version The Apache Software Foundation - Apache Derby - 10.8.2.2 - (1181258): instance 437c8055-0173-15a4-21b2-000010fc5228 
on database directory C:\Users\Sowjanya\Desktop\jenkins_test5\tessy\persist\tessy\tessydb  with class loader org.eclipse.osgi.internal.baseadaptor.DefaultClassLoader@63b9aa48 
Loaded from file:/C:/Program Files/Razorcat/TESSY_4.2/bin/plugins/org.apache.derby_10.8.2.2_v201605172130.jar
java.vendor=Oracle Corporation
java.runtime.version=1.8.0_171-b11
user.dir=C:\Users\Sowjanya\Desktop\jenkins_test5\tessy
derby.system.home=null
derby.stream.error.file=C:\Users\Sowjanya\Desktop\jenkins_test5\tessy\persist\tessy\derby.log
Database Class Loader started - derby.database.classpath=''
----------------------------------------------------------------
Fri Jul 03 22:35:48 IST 2020:
Booting Derby version The Apache Software Foundation - Apache Derby - 10.8.2.2 - (1181258): instance e5214067-0173-15a4-21b2-000010fc5228 
on database directory C:\Users\Sowjanya\Desktop\jenkins_test5\tessy\persist\ite\cache  with class loader org.eclipse.osgi.internal.baseadaptor.DefaultClassLoader@63b9aa48 
Loaded from file:/C:/Program Files/Razorcat/TESSY_4.2/bin/plugins/org.apache.derby_10.8.2.2_v201605172130.jar
java.vendor=Oracle Corporation
java.runtime.version=1.8.0_171-b11
user.dir=C:\Users\Sowjanya\Desktop\jenkins_test5\tessy
derby.system.home=null
derby.stream.error.file=C:\Users\Sowjanya\Desktop\jenkins_test5\tessy\persist\ite\derby.log
Database Class Loader started - derby.database.classpath=''
----------------------------------------------------------------
Fri Jul 03 22:36:57 IST 2020:
Shutting down instance 437c8055-0173-15a4-21b2-000010fc5228 on database directory C:\Users\Sowjanya\Desktop\jenkins_test5\tessy\persist\tessy\tessydb with class loader org.eclipse.osgi.internal.baseadaptor.DefaultClassLoader@63b9aa48 
